app/build/intermediates/manifest_merge_blame_file/release/processReleaseMainManifest/manifest-merger-blame-release-report.txt
1<?xml version="1.0" encoding="utf-8"?>
2<manifest xmlns:android="http://schemas.android.com/apk/res/android"
3    package="com.xlkeyboard"
4    android:versionCode="1"
5    android:versionName="1.0" >
6
7    <uses-sdk
8        android:minSdkVersion="24"
9        android:targetSdkVersion="34" />
10
11    <application
11-->src\main\AndroidManifest.xml:4:5-31:19
12        android:extractNativeLibs="false"
13        android:icon="@mipmap/ic_launcher"
13-->src\main\AndroidManifest.xml:5:9-43
14        android:label="@string/app_name"
14-->src\main\AndroidManifest.xml:6:9-41
15        android:roundIcon="@mipmap/ic_launcher_round"
15-->src\main\AndroidManifest.xml:7:9-54
16        android:theme="@style/Theme.XlKeyboard" >
16-->src\main\AndroidManifest.xml:8:9-48
17        <activity
17-->src\main\AndroidManifest.xml:9:9-17:20
18            android:name="com.xlkeyboard.MainActivity"
18-->src\main\AndroidManifest.xml:10:13-41
19            android:exported="true" >
19-->src\main\AndroidManifest.xml:11:13-36
20            <intent-filter>
20-->src\main\AndroidManifest.xml:12:13-16:29
21                <action android:name="android.intent.action.MAIN" />
21-->src\main\AndroidManifest.xml:13:17-69
21-->src\main\AndroidManifest.xml:13:25-66
22
23                <category android:name="android.intent.category.LAUNCHER" />
23-->src\main\AndroidManifest.xml:15:17-77
23-->src\main\AndroidManifest.xml:15:27-74
24            </intent-filter>
25        </activity>
26
27        <service
27-->src\main\AndroidManifest.xml:19:9-30:19
28            android:name="com.xlkeyboard.XlKeyboardService"
28-->src\main\AndroidManifest.xml:20:13-46
29            android:exported="true"
29-->src\main\AndroidManifest.xml:23:13-36
30            android:label="@string/app_name"
30-->src\main\AndroidManifest.xml:21:13-45
31            android:permission="android.permission.BIND_INPUT_METHOD" >
31-->src\main\AndroidManifest.xml:22:13-70
32            <intent-filter>
32-->src\main\AndroidManifest.xml:24:13-26:29
33                <action android:name="android.view.InputMethod" />
33-->src\main\AndroidManifest.xml:25:17-67
33-->src\main\AndroidManifest.xml:25:25-64
34            </intent-filter>
35
36            <meta-data
36-->src\main\AndroidManifest.xml:27:13-29:50
37                android:name="android.view.im"
37-->src\main\AndroidManifest.xml:28:17-47
38                android:resource="@xml/method" />
38-->src\main\AndroidManifest.xml:29:17-47
39        </service>
40    </application>
41
42</manifest>